# vsim class_ex -l class.log -c -do "run -all;exit" 
# Start time: 12:00:38 on Sep 14,2022
# ** Note: (vsim-8009) Loading existing optimized design _opt
# //  Questa Sim
# //  Version 10.6c linux Jul 25 2017
# //
# //  Copyright 1991-2017 Mentor Graphics Corporation
# //  All Rights Reserved.
# //
# //  QuestaSim and its associated documentation contain trade
# //  secrets and commercial or financial information that are the property of
# //  Mentor Graphics Corporation and are privileged, confidential,
# //  and exempt from disclosure under the Freedom of Information Act,
# //  5 U.S.C. Section 552. Furthermore, this information
# //  is prohibited from disclosure under the Trade Secrets Act,
# //  18 U.S.C. Section 1905.
# //
# Loading sv_std.std
# Loading work.class_sv_unit(fast)
# Loading work.class_ex(fast)
# run -all
# thread-1 is executed at 2 time
# thread-2 is executed at 4 time
# thread -3 is executed at 5 time
# after using the access method the value of c =4
# sum=5
# exit
# End time: 12:00:39 on Sep 14,2022, Elapsed time: 0:00:01
# Errors: 0, Warnings: 0
